c:\users\socce\documents\c++ projects\corrtexengine\corrtexengine\debug\corrtexengine.pch
c:\users\socce\documents\c++ projects\corrtexengine\corrtexengine\debug\vc141.pdb
c:\users\socce\documents\c++ projects\corrtexengine\corrtexengine\debug\vc141.idb
c:\users\socce\documents\c++ projects\corrtexengine\corrtexengine\debug\stdafx.obj
c:\users\socce\documents\c++ projects\corrtexengine\corrtexengine\debug\corrtexcube.obj
c:\users\socce\documents\c++ projects\corrtexengine\corrtexengine\debug\corrtexengine.obj
c:\users\socce\documents\c++ projects\corrtexengine\corrtexengine\debug\corrtexrenderer.obj
c:\users\socce\documents\c++ projects\corrtexengine\corrtexengine\debug\linkedlist.obj
c:\users\socce\documents\c++ projects\corrtexengine\corrtexengine\debug\corrtextetrahedron.obj
c:\users\socce\documents\c++ projects\corrtexengine\corrtexengine\debug\corrtexprimitive.obj
c:\users\socce\documents\c++ projects\corrtexengine\corrtexengine\debug\corrtexobject.obj
c:\users\socce\documents\c++ projects\corrtexengine\corrtexengine\debug\bmploader.obj
c:\users\socce\documents\c++ projects\corrtexengine\corrtexengine\debug\corrtexcamera.obj
c:\users\socce\documents\c++ projects\corrtexengine\corrtexengine\debug\inputmanager.obj
c:\users\socce\documents\c++ projects\corrtexengine\corrtexengine\debug\corrtexfpscamera.obj
c:\users\socce\documents\c++ projects\corrtexengine\corrtexengine\debug\corrtexgame.obj
c:\users\socce\documents\c++ projects\corrtexengine\corrtexengine\debug\corrtexrandom.obj
c:\users\socce\documents\c++ projects\corrtexengine\corrtexengine\debug\modelloader.obj
c:\users\socce\documents\c++ projects\corrtexengine\corrtexengine\debug\corrtexdebug.obj
c:\users\socce\documents\c++ projects\corrtexengine\corrtexengine\debug\corrtexdelegate.obj
c:\users\socce\documents\c++ projects\corrtexengine\corrtexengine\debug\game.obj
c:\users\socce\documents\c++ projects\corrtexengine\corrtexengine\debug\shaderuniform.obj
c:\users\socce\documents\c++ projects\corrtexengine\corrtexengine\debug\corrtexquad.obj
c:\users\socce\documents\c++ projects\corrtexengine\corrtexengine\debug\testgame.obj
c:\users\socce\documents\c++ projects\corrtexengine\corrtexengine\debug\gameengine.obj
c:\users\socce\documents\c++ projects\corrtexengine\corrtexengine\debug\corrtexmesh.obj
c:\users\socce\documents\c++ projects\corrtexengine\corrtexengine\debug\corrtexshader.obj
c:\users\socce\documents\c++ projects\corrtexengine\corrtexengine\debug\corrtexlight.obj
c:\users\socce\documents\c++ projects\corrtexengine\corrtexengine\debug\corrtexmaterial.obj
c:\users\socce\documents\c++ projects\corrtexengine\corrtexengine\debug\vboindexer.obj
c:\users\socce\documents\c++ projects\corrtexengine\corrtexengine\debug\corrtexwater.obj
c:\users\socce\documents\c++ projects\corrtexengine\debug\corrtexengine.exe
c:\users\socce\documents\c++ projects\corrtexengine\debug\corrtexengine.ilk
c:\users\socce\documents\c++ projects\corrtexengine\debug\corrtexengine.pdb
c:\users\socce\documents\c++ projects\corrtexengine\corrtexengine\debug\corrtexengine.obj.enc
c:\users\socce\documents\c++ projects\corrtexengine\corrtexengine\debug\corrtexprimitive.obj.enc
c:\users\socce\documents\c++ projects\corrtexengine\corrtexengine\debug\corrtexengine.tlog\cl.command.1.tlog
c:\users\socce\documents\c++ projects\corrtexengine\corrtexengine\debug\corrtexengine.tlog\cl.read.1.tlog
c:\users\socce\documents\c++ projects\corrtexengine\corrtexengine\debug\corrtexengine.tlog\cl.write.1.tlog
c:\users\socce\documents\c++ projects\corrtexengine\corrtexengine\debug\corrtexengine.tlog\link.command.1.tlog
c:\users\socce\documents\c++ projects\corrtexengine\corrtexengine\debug\corrtexengine.tlog\link.read.1.tlog
c:\users\socce\documents\c++ projects\corrtexengine\corrtexengine\debug\corrtexengine.tlog\link.write.1.tlog
